root:Participant Number: 1
AnchorBaseline:MapName: C:\Users\betha\PycharmProjects\pytti\SequentialHuman\src\human_games\maps/Anchoring_Baseline\anchoring_baseline_urban_top_6.csv
AnchorBaseline:Condition Begins: 166231.7330614
root:Participant Number: 1
AnchorBaseline:MapName: C:\Users\betha\PycharmProjects\pytti\SequentialHuman\src\human_games\maps/Anchoring_Baseline\anchoring_baseline_urban_top_6.csv
AnchorBaseline:Condition Begins: 167326.4790098
AnchorBaseline:DownKey:167328.3009501
AnchorBaseline:DownKey:167328.8331027
AnchorBaseline:RightKey:167329.0094697
AnchorBaseline:DownKey:167329.1353837
AnchorBaseline:DownKey:167329.3407197
AnchorBaseline:RightKey:167329.34097
AnchorBaseline:RightKey:167329.5161979
AnchorBaseline:DownKey:167329.6178159
AnchorBaseline:RightKey:167329.7961752
AnchorBaseline:DownKey:167329.9221976
AnchorBaseline:RightKey:167330.0726643
AnchorBaseline:RightKey:167330.3239763
AnchorBaseline:RightKey:167330.4766462
AnchorBaseline:RightKey:167330.6280586
AnchorBaseline:RightKey:167330.7562969
AnchorBaseline:RightKey:167330.9085467
AnchorBaseline:DownKey:167331.0626061
AnchorBaseline:DownKey:167331.2403211
AnchorBaseline:DownKey:167331.4662338
AnchorBaseline:RightKey:167331.5933438
AnchorBaseline:RightKey:167331.7978253
AnchorBaseline:DownKey:167331.9250193
AnchorBaseline:RightKey:167332.0765971
AnchorBaseline:RightKey:167332.2793433
AnchorBaseline:RightKey:167332.4305185
AnchorBaseline:RightKey:167332.6073881
AnchorBaseline:SpaceKey:167332.6844256
AnchorBaseline:RightKey:167333.1149989
AnchorBaseline:RightKey:167333.3747008
AnchorBaseline:RightKey:167333.5771142
AnchorBaseline:RightKey:167333.9824868
AnchorBaseline:UpKey:167334.2599732
AnchorBaseline:UpKey:167334.4376321
AnchorBaseline:UpKey:167334.6171753
AnchorBaseline:SpaceKey:167334.7427205
AnchorBaseline:UpKey:167334.8688972
AnchorBaseline:UpKey:167335.2004603
AnchorBaseline:UpKey:167335.5066509
AnchorBaseline:RightKey:167335.6607685
AnchorBaseline:RightKey:167335.8376183
AnchorBaseline:RightKey:167336.0150956
AnchorBaseline:RightKey:167336.1676586
AnchorBaseline:RightKey:167336.3194688
AnchorBaseline:RightKey:167336.4697387
AnchorBaseline:RightKey:167336.6217311
AnchorBaseline:SpaceKey:167336.7230624
AnchorBaseline:RightKey:167336.8764057
AnchorBaseline:RightKey:167337.1042341
AnchorBaseline:UpKey:167337.4373863
AnchorBaseline:RightKey:167337.5893927
AnchorBaseline:SpaceKey:167337.7419602
AnchorBaseline:RightKey:167337.9439994
AnchorBaseline:RightKey:167338.1455716
AnchorBaseline:RightKey:167338.5495328
AnchorBaseline:DownKey:167338.7541448
AnchorBaseline:DownKey:167338.9286253
AnchorBaseline:DownKey:167339.1077621
AnchorBaseline:DownKey:167339.2606016
AnchorBaseline:RightKey:167339.4903764
AnchorBaseline:RightKey:167339.7212057
AnchorBaseline:RightKey:167339.8740611
AnchorBaseline:RightKey:167340.0285022
AnchorBaseline:RightKey:167340.1819198
AnchorBaseline:SpaceKey:167340.3843469
AnchorBaseline:RightKey:167340.7663257
AnchorBaseline:UpKey:167341.0738052
AnchorBaseline:UpKey:167341.328076
AnchorBaseline:UpKey:167342.8775581
AnchorBaseline:DownKey:167343.3587295
AnchorBaseline:UpKey:167343.8938377
AnchorBaseline:DownKey:167344.2754787
AnchorBaseline:UpKey:167344.6060767
AnchorBaseline:DownKey:167344.880947
AnchorBaseline:UpKey:167345.1607702
AnchorBaseline:DownKey:167345.4365397
AnchorBaseline:UpKey:167345.7137747
AnchorBaseline:DownKey:167345.9148692
AnchorBaseline:UpKey:167346.1436517
AnchorBaseline:DownKey:167346.3460806
AnchorBaseline:RightKey:167349.8020334
AnchorBaseline:RightKey:167349.9764232
AnchorBaseline:RightKey:167350.1553171
AnchorBaseline:DownKey:167350.3580397
AnchorBaseline:DownKey:167350.5090936
AnchorBaseline:DownKey:167350.6837314
AnchorBaseline:DownKey:167350.8357066
AnchorBaseline:DownKey:167350.9867328
AnchorBaseline:DownKey:167351.1386338
root:Participant Number: 1
AnchorBaseline:MapName: C:\Users\betha\PycharmProjects\pytti\SequentialHuman\src\human_games\maps/Anchoring_Baseline\anchoring_baseline_urban_top_6.csv
AnchorBaseline:Condition Begins: 167410.0065147
AnchorBaseline:UpKey:167411.0247688
AnchorBaseline:UpKey:167411.2035794
AnchorBaseline:UpKey:167411.3793139
AnchorBaseline:UpKey:167411.5320722
AnchorBaseline:UpKey:167411.6849339
AnchorBaseline:RightKey:167411.786533
AnchorBaseline:RightKey:167411.9645979
AnchorBaseline:RightKey:167412.1403531
AnchorBaseline:RightKey:167412.2662948
AnchorBaseline:RightKey:167412.3926399
AnchorBaseline:RightKey:167412.5432942
AnchorBaseline:RightKey:167412.6966344
AnchorBaseline:RightKey:167412.8238676
AnchorBaseline:RightKey:167412.9766478
AnchorBaseline:RightKey:167413.1535502
AnchorBaseline:RightKey:167413.2552053
AnchorBaseline:RightKey:167413.4070548
AnchorBaseline:RightKey:167413.5580462
AnchorBaseline:DownKey:167413.911489
AnchorBaseline:RightKey:167414.1404536
AnchorBaseline:RightKey:167414.3934954
AnchorBaseline:SpaceKey:167414.5709276
AnchorBaseline:UpKey:167414.7241526
AnchorBaseline:RightKey:167414.9008904
AnchorBaseline:RightKey:167415.0810026
AnchorBaseline:RightKey:167415.2335143
AnchorBaseline:UpKey:167415.3591559
AnchorBaseline:RightKey:167415.5103384
AnchorBaseline:SpaceKey:167415.6612058
AnchorBaseline:RightKey:167415.8112283
AnchorBaseline:RightKey:167416.0914879
AnchorBaseline:RightKey:167416.2177664
AnchorBaseline:RightKey:167416.371037
AnchorBaseline:UpKey:167416.6277408
AnchorBaseline:RightKey:167416.803785
AnchorBaseline:RightKey:167416.9833534
AnchorBaseline:RightKey:167417.1611829
AnchorBaseline:RightKey:167417.3381202
AnchorBaseline:RightKey:167417.4889012
AnchorBaseline:RightKey:167417.6649847
AnchorBaseline:RightKey:167417.8194883
AnchorBaseline:SpaceKey:167417.9726253
AnchorBaseline:RightKey:167417.9978655
AnchorBaseline:RightKey:167418.173603
AnchorBaseline:RightKey:167418.3528211
AnchorBaseline:UpKey:167418.7075871
AnchorBaseline:RightKey:167418.9110009
AnchorBaseline:RightKey:167419.1143672
AnchorBaseline:RightKey:167419.2912295
AnchorBaseline:SpaceKey:167419.3943304
AnchorBaseline:RightKey:167419.5457465
AnchorBaseline:RightKey:167419.8488346
AnchorBaseline:DownKey:167420.1528229
AnchorBaseline:RightKey:167420.3539951
AnchorBaseline:DownKey:167420.6095372
AnchorBaseline:DownKey:167420.9401495
AnchorBaseline:LeftKey:167421.1438618
AnchorBaseline:DownKey:167421.3237277
AnchorBaseline:SpaceKey:167421.5807448
AnchorBaseline:UpKey:167421.8345144
AnchorBaseline:UpKey:167422.0356053
AnchorBaseline:RightKey:167422.2124308
AnchorBaseline:LeftKey:167422.8440221
AnchorBaseline:RightKey:167423.0723716
AnchorBaseline:RightKey:167423.3758687
AnchorBaseline:RightKey:167423.8066606
AnchorBaseline:LeftKey:167424.1114912
AnchorBaseline:DownKey:167424.4664842
AnchorBaseline:DownKey:167424.667509
AnchorBaseline:DownKey:167424.8429087
AnchorBaseline:DownKey:167424.9932896
AnchorBaseline:DownKey:167425.1737102
AnchorBaseline:DownKey:167425.324491
AnchorBaseline:DownKey:167425.476901
AnchorBaseline:DownKey:167425.8329971
AnchorBaseline:UpKey:167426.2151521
AnchorBaseline:RightKey:167426.4673978
AnchorBaseline:RightKey:167426.6468828
AnchorBaseline:RightKey:167426.7978699
AnchorBaseline:LeftKey:167427.3038643
AnchorBaseline:LeftKey:167427.5305027
AnchorBaseline:RightKey:167428.1158313
AnchorBaseline:RightKey:167428.2922621
AnchorBaseline:RightKey:167428.4436455
AnchorBaseline:RightKey:167428.621627
AnchorBaseline:RightKey:167428.9504247
AnchorBaseline:RightKey:167429.1258534
AnchorBaseline:RightKey:167429.3049323
AnchorBaseline:RightKey:167429.5342656
AnchorBaseline:RightKey:167429.8882382
AnchorBaseline:UpKey:167430.165821
AnchorBaseline:UpKey:167430.3949288
AnchorBaseline:UpKey:167430.5737229
AnchorBaseline:UpKey:167430.750231
AnchorBaseline:UpKey:167430.9269751
AnchorBaseline:UpKey:167431.1040139
AnchorBaseline:UpKey:167431.3078473
AnchorBaseline:DownKey:167431.7385093
AnchorBaseline:DownKey:167431.8921843
AnchorBaseline:DownKey:167432.045191
AnchorBaseline:LeftKey:167436.4814949
AnchorBaseline:LeftKey:167436.6845101
AnchorBaseline:LeftKey:167437.1875029
AnchorBaseline:DownKey:167437.3660449
AnchorBaseline:LeftKey:167437.5171185
AnchorBaseline:DownKey:167437.6712878
AnchorBaseline:LeftKey:167437.7727674
AnchorBaseline:DownKey:167437.9233843
AnchorBaseline:LeftKey:167437.9737615
AnchorBaseline:LeftKey:167438.1756223
AnchorBaseline:LeftKey:167438.3538824
AnchorBaseline:LeftKey:167438.5313678
AnchorBaseline:LeftKey:167438.6840087
AnchorBaseline:LeftKey:167438.8348508
AnchorBaseline:LeftKey:167439.0127469
AnchorBaseline:LeftKey:167439.2678426
AnchorBaseline:LeftKey:167439.3967137
AnchorBaseline:LeftKey:167439.549174
AnchorBaseline:LeftKey:167439.725168
AnchorBaseline:DownKey:167439.9033095
AnchorBaseline:LeftKey:167440.0046962
AnchorBaseline:DownKey:167440.1575778
AnchorBaseline:LeftKey:167440.2342836
AnchorBaseline:LeftKey:167440.4861616
AnchorBaseline:LeftKey:167440.6868457
AnchorBaseline:LeftKey:167440.8638381
AnchorBaseline:LeftKey:167441.0392131
AnchorBaseline:LeftKey:167441.1901767
AnchorBaseline:LeftKey:167441.3670075
AnchorBaseline:LeftKey:167441.5700738
AnchorBaseline:LeftKey:167441.7998692
AnchorBaseline:LeftKey:167441.9794865
AnchorBaseline:LeftKey:167442.1578938
AnchorBaseline:UpKey:167442.3376268
AnchorBaseline:LeftKey:167442.4140339
AnchorBaseline:UpKey:167442.5648274
AnchorBaseline:LeftKey:167442.6668888
AnchorBaseline:UpKey:167442.7424312
AnchorBaseline:UpKey:167442.9444794
AnchorBaseline:LeftKey:167443.0192253
AnchorBaseline:LeftKey:167443.2737038
AnchorBaseline:LeftKey:167443.4511263
AnchorBaseline:LeftKey:167443.6280797
AnchorBaseline:LeftKey:167443.8056864
AnchorBaseline:LeftKey:167443.9835979
AnchorBaseline:LeftKey:167444.1347045
AnchorBaseline:LeftKey:167444.3345031
AnchorBaseline:LeftKey:167444.5126112
AnchorBaseline:LeftKey:167444.6905658
AnchorBaseline:DownKey:167444.8678174
AnchorBaseline:DownKey:167445.0206764
AnchorBaseline:DownKey:167445.1961517
AnchorBaseline:DownKey:167445.3714061
AnchorBaseline:DownKey:167445.5475743
AnchorBaseline:DownKey:167445.6994792
AnchorBaseline:DownKey:167445.8531698
AnchorBaseline:DownKey:167446.0302984
AnchorBaseline:LeftKey:167446.2106627
AnchorBaseline:LeftKey:167446.3879859
AnchorBaseline:UpKey:167446.5643107
AnchorBaseline:UpKey:167446.8174744
AnchorBaseline:UpKey:167446.9722702
AnchorBaseline:UpKey:167447.1228453
AnchorBaseline:UpKey:167447.3009557
AnchorBaseline:UpKey:167447.4281313
AnchorBaseline:UpKey:167447.6069621
AnchorBaseline:UpKey:167447.7579276
AnchorBaseline:UpKey:167447.9369237
AnchorBaseline:UpKey:167448.0922834
AnchorBaseline:UpKey:167448.2448976
AnchorBaseline:UpKey:167448.4222732
AnchorBaseline:DownKey:167448.7249132
AnchorBaseline:DownKey:167448.9010644
AnchorBaseline:DownKey:167449.0770378
AnchorBaseline:DownKey:167449.2268249
AnchorBaseline:DownKey:167449.3529657
root:Participant Number: 1
AnchorBaseline:MapName: C:\Users\betha\PycharmProjects\pytti\SequentialHuman\src\human_games\maps/Anchoring_Baseline\anchoring_baseline_urban_top_6.csv
AnchorBaseline:Condition Begins: 167457.7189389
AnchorBaseline:DownKey:167458.7341284
AnchorBaseline:DownKey:167458.9116056
AnchorBaseline:DownKey:167459.0622466
AnchorBaseline:DownKey:167459.2122061
AnchorBaseline:DownKey:167459.364952
AnchorBaseline:DownKey:167459.5159847
AnchorBaseline:DownKey:167459.6707051
AnchorBaseline:DownKey:167459.8226468
AnchorBaseline:DownKey:167460.0042337
AnchorBaseline:DownKey:167460.1569297
AnchorBaseline:DownKey:167460.3083799
root:Participant Number: 1
AnchorBaseline:MapName: C:\Users\betha\PycharmProjects\pytti\SequentialHuman\src\human_games\maps/Anchoring_Baseline\anchoring_baseline_urban_top_6.csv
AnchorBaseline:Condition Begins: 167490.6088464
AnchorBaseline:DownKey:167491.651298
AnchorBaseline:DownKey:167491.8056377
AnchorBaseline:DownKey:167491.9577394
AnchorBaseline:RightKey:167492.1141197
AnchorBaseline:DownKey:167492.2403502
AnchorBaseline:RightKey:167492.3915802
AnchorBaseline:DownKey:167492.5430733
AnchorBaseline:DownKey:167492.7202547
AnchorBaseline:DownKey:167492.8715267
AnchorBaseline:DownKey:167493.0244113
AnchorBaseline:DownKey:167493.2021679
AnchorBaseline:DownKey:167493.3796511
AnchorBaseline:DownKey:167493.5312782
AnchorBaseline:DownKey:167493.7326229
AnchorBaseline:DownKey:167493.910638
AnchorBaseline:DownKey:167494.0624614
AnchorBaseline:RightKey:167494.2663708
AnchorBaseline:RightKey:167494.4690824
AnchorBaseline:RightKey:167494.621645
AnchorBaseline:UpKey:167494.8272181
AnchorBaseline:UpKey:167495.0306595
AnchorBaseline:RightKey:167495.1816579
AnchorBaseline:UpKey:167495.3354625
AnchorBaseline:RightKey:167495.4363237
AnchorBaseline:UpKey:167495.6126445
AnchorBaseline:RightKey:167495.739967
AnchorBaseline:RightKey:167495.9172541
AnchorBaseline:RightKey:167496.2200381
AnchorBaseline:RightKey:167496.3716673
AnchorBaseline:RightKey:167496.4979904
AnchorBaseline:DownKey:167496.7025633
AnchorBaseline:DownKey:167496.9053958
AnchorBaseline:DownKey:167497.0570164
AnchorBaseline:DownKey:167497.2350121
AnchorBaseline:RightKey:167497.41373
AnchorBaseline:RightKey:167497.5906556
AnchorBaseline:RightKey:167497.7421339
AnchorBaseline:RightKey:167497.8946541
AnchorBaseline:RightKey:167498.045386
AnchorBaseline:RightKey:167498.2223008
AnchorBaseline:RightKey:167498.7297739
AnchorBaseline:LeftKey:167499.2095421
AnchorBaseline:SpaceKey:167499.464497
AnchorBaseline:RightKey:167499.8914812
AnchorBaseline:UpKey:167500.0180426
AnchorBaseline:RightKey:167500.21863
AnchorBaseline:UpKey:167500.3981513
AnchorBaseline:RightKey:167500.5486543
AnchorBaseline:UpKey:167500.6760145
AnchorBaseline:SpaceKey:167500.8543873
AnchorBaseline:UpKey:167500.9824394
AnchorBaseline:RightKey:167501.1852153
AnchorBaseline:UpKey:167501.2862949
AnchorBaseline:RightKey:167501.4650739
AnchorBaseline:RightKey:167501.742388
AnchorBaseline:RightKey:167502.1746583
AnchorBaseline:RightKey:167502.4023992
AnchorBaseline:RightKey:167502.6082581
AnchorBaseline:RightKey:167509.1403296
AnchorBaseline:UpKey:167509.3176999
AnchorBaseline:RightKey:167509.5202859
AnchorBaseline:SpaceKey:167509.6471882
AnchorBaseline:RightKey:167509.9026793
AnchorBaseline:RightKey:167510.1296913
AnchorBaseline:RightKey:167510.3080183
AnchorBaseline:UpKey:167510.4868415
AnchorBaseline:SpaceKey:167510.6420574
AnchorBaseline:RightKey:167510.742979
AnchorBaseline:RightKey:167511.0223169
AnchorBaseline:RightKey:167511.2013139
AnchorBaseline:RightKey:167511.3776715
AnchorBaseline:DownKey:167511.5544314
AnchorBaseline:DownKey:167511.7350274
AnchorBaseline:DownKey:167511.9123803
AnchorBaseline:DownKey:167512.0881124
AnchorBaseline:RightKey:167512.2126191
AnchorBaseline:RightKey:167512.4141885
AnchorBaseline:RightKey:167512.5680967
AnchorBaseline:RightKey:167512.7192377
AnchorBaseline:RightKey:167512.8701131
AnchorBaseline:SpaceKey:167512.9205964
AnchorBaseline:RightKey:167513.0716774
AnchorBaseline:UpKey:167513.4025167
AnchorBaseline:UpKey:167513.653424
AnchorBaseline:UpKey:167513.8283933
AnchorBaseline:DownKey:167514.1050236
AnchorBaseline:DownKey:167514.306745
AnchorBaseline:UpKey:167514.5357996
AnchorBaseline:UpKey:167514.6895985
AnchorBaseline:LeftKey:167514.9449946
root:Participant Number: 1
AnchorBaseline:MapName: C:\Users\betha\PycharmProjects\pytti\SequentialHuman\src\human_games\maps/Anchoring_Baseline\anchoring_baseline_urban_top_6.csv
AnchorBaseline:Condition Begins: 167759.3497075
AnchorBaseline:DownKey:167761.4291223
AnchorBaseline:RightKey:167761.630869
AnchorBaseline:DownKey:167761.7580879
AnchorBaseline:LeftKey:167761.8835091
AnchorBaseline:RightKey:167761.9346194
AnchorBaseline:DownKey:167762.0346062
AnchorBaseline:RightKey:167762.1630032
AnchorBaseline:DownKey:167762.2627254
AnchorBaseline:RightKey:167762.4401853
AnchorBaseline:DownKey:167762.5170449
AnchorBaseline:RightKey:167762.7183715
AnchorBaseline:DownKey:167762.843428
AnchorBaseline:DownKey:167763.021713
AnchorBaseline:LeftKey:167763.1233634
AnchorBaseline:DownKey:167763.302164
AnchorBaseline:RightKey:167763.4540342
AnchorBaseline:RightKey:167763.8616469
AnchorBaseline:RightKey:167764.2181878
AnchorBaseline:UpKey:167764.343605
AnchorBaseline:RightKey:167764.4981979
AnchorBaseline:UpKey:167764.6001689
AnchorBaseline:RightKey:167764.7508481
AnchorBaseline:DownKey:167764.9034173
AnchorBaseline:RightKey:167765.1074924
AnchorBaseline:DownKey:167765.2601491
AnchorBaseline:RightKey:167765.4380655
AnchorBaseline:DownKey:167765.5882685
AnchorBaseline:RightKey:167765.8185037
AnchorBaseline:UpKey:167766.2230493
AnchorBaseline:UpKey:167766.4492658
AnchorBaseline:RightKey:167766.5252367
AnchorBaseline:UpKey:167766.6769336
AnchorBaseline:RightKey:167766.8522703
AnchorBaseline:DownKey:167767.1337458
AnchorBaseline:RightKey:167767.4370963
AnchorBaseline:DownKey:167767.6141098
AnchorBaseline:LeftKey:167767.7920032
AnchorBaseline:DownKey:167767.9416955
AnchorBaseline:LeftKey:167768.0917976
AnchorBaseline:LeftKey:167768.3455667
AnchorBaseline:DownKey:167768.4719439
AnchorBaseline:RightKey:167768.6239375
AnchorBaseline:DownKey:167768.9805717
AnchorBaseline:RightKey:167769.2605057
AnchorBaseline:UpKey:167769.5892976
AnchorBaseline:UpKey:167769.8195147
AnchorBaseline:RightKey:167769.9718972
AnchorBaseline:UpKey:167770.174188
AnchorBaseline:RightKey:167770.4761915
AnchorBaseline:DownKey:167770.6291886
AnchorBaseline:RightKey:167770.832671
AnchorBaseline:SpaceKey:167770.9873679
AnchorBaseline:UpKey:167771.2414061
AnchorBaseline:UpKey:167771.3936297
AnchorBaseline:UpKey:167771.5718791
AnchorBaseline:UpKey:167771.7482002
AnchorBaseline:UpKey:167771.9036237
AnchorBaseline:LeftKey:167772.0048169
AnchorBaseline:UpKey:167772.2101604
AnchorBaseline:LeftKey:167772.313566
AnchorBaseline:RightKey:167772.4415246
AnchorBaseline:RightKey:167772.8465822
AnchorBaseline:DownKey:167773.0741947
AnchorBaseline:RightKey:167773.2512022
AnchorBaseline:DownKey:167773.426666
AnchorBaseline:RightKey:167773.604287
AnchorBaseline:DownKey:167773.6297962
AnchorBaseline:RightKey:167774.011197
AnchorBaseline:SpaceKey:167774.188832
AnchorBaseline:UpKey:167774.3150177
AnchorBaseline:RightKey:167774.4913464
AnchorBaseline:UpKey:167774.6173992
AnchorBaseline:UpKey:167774.818515
AnchorBaseline:LeftKey:167774.9474375
AnchorBaseline:UpKey:167775.0733043
AnchorBaseline:RightKey:167775.2775488
AnchorBaseline:UpKey:167775.4282485
AnchorBaseline:RightKey:167775.6308516
AnchorBaseline:DownKey:167775.8568448
AnchorBaseline:DownKey:167776.0593662
AnchorBaseline:RightKey:167776.2611769
AnchorBaseline:UpKey:167776.7207813
AnchorBaseline:UpKey:167776.922597
AnchorBaseline:DownKey:167777.1251896
AnchorBaseline:DownKey:167777.3306915
AnchorBaseline:DownKey:167777.4837028
AnchorBaseline:DownKey:167777.6093494
AnchorBaseline:DownKey:167777.7874343
AnchorBaseline:DownKey:167777.9658982
AnchorBaseline:DownKey:167778.1426394
AnchorBaseline:LeftKey:167778.342705
AnchorBaseline:DownKey:167778.3935166
AnchorBaseline:DownKey:167778.5215129
AnchorBaseline:LeftKey:167778.7239722
AnchorBaseline:LeftKey:167778.9255923
AnchorBaseline:UpKey:167779.1059287
AnchorBaseline:UpKey:167779.3562108
AnchorBaseline:UpKey:167779.5596913
AnchorBaseline:UpKey:167779.7106982
AnchorBaseline:UpKey:167779.8625525
AnchorBaseline:RightKey:167780.0137795
AnchorBaseline:RightKey:167780.1907966
AnchorBaseline:RightKey:167780.369818
AnchorBaseline:RightKey:167780.5208992
AnchorBaseline:RightKey:167780.6731673
AnchorBaseline:DownKey:167780.8788948
AnchorBaseline:UpKey:167781.2074365
AnchorBaseline:UpKey:167781.3836806
AnchorBaseline:RightKey:167781.5359242
AnchorBaseline:SpaceKey:167781.6364091
AnchorBaseline:RightKey:167781.8139074
AnchorBaseline:RightKey:167782.1163306
AnchorBaseline:DownKey:167782.2412879
AnchorBaseline:UpKey:167782.6723565
AnchorBaseline:RightKey:167782.8240281
AnchorBaseline:RightKey:167783.0274995
AnchorBaseline:SpaceKey:167783.1810439
AnchorBaseline:UpKey:167783.232019
AnchorBaseline:DownKey:167783.5356665
AnchorBaseline:DownKey:167783.7389939
AnchorBaseline:DownKey:167783.9170478
AnchorBaseline:DownKey:167784.0701823
AnchorBaseline:DownKey:167784.2466684
AnchorBaseline:LeftKey:167784.4239923
AnchorBaseline:DownKey:167784.5772431
AnchorBaseline:LeftKey:167784.7027205
AnchorBaseline:LeftKey:167784.9309281
AnchorBaseline:UpKey:167785.2075717
AnchorBaseline:RightKey:167785.4365174
AnchorBaseline:RightKey:167785.6909132
AnchorBaseline:RightKey:167785.9179337
AnchorBaseline:RightKey:167786.0705526
AnchorBaseline:RightKey:167786.2494051
AnchorBaseline:UpKey:167786.4769336
AnchorBaseline:UpKey:167786.6522039
AnchorBaseline:RightKey:167786.8565617
AnchorBaseline:UpKey:167786.958314
AnchorBaseline:UpKey:167787.31361
AnchorBaseline:RightKey:167787.5917309
AnchorBaseline:UpKey:167787.6680388
AnchorBaseline:RightKey:167787.922119
AnchorBaseline:UpKey:167788.1232845
AnchorBaseline:RightKey:167788.2495098
AnchorBaseline:UpKey:167788.427979
AnchorBaseline:RightKey:167788.5802109
AnchorBaseline:DownKey:167788.8331597
AnchorBaseline:RightKey:167788.9860749
AnchorBaseline:DownKey:167789.2432787
AnchorBaseline:RightKey:167789.3684179
AnchorBaseline:DownKey:167789.4937586
AnchorBaseline:LeftKey:167789.6468758
AnchorBaseline:DownKey:167790.0016939
AnchorBaseline:DownKey:167790.4824116
AnchorBaseline:DownKey:167790.6861995
AnchorBaseline:SpaceKey:167790.8139498
AnchorBaseline:DownKey:167791.1163403
AnchorBaseline:LeftKey:167791.3702572
AnchorBaseline:DownKey:167791.6007221
AnchorBaseline:RightKey:167791.6010141
AnchorBaseline:RightKey:167791.8778946
AnchorBaseline:DownKey:167791.9280084
AnchorBaseline:RightKey:167792.1309334
AnchorBaseline:UpKey:167792.4069898
AnchorBaseline:RightKey:167792.6355593
AnchorBaseline:UpKey:167792.7362085
AnchorBaseline:UpKey:167792.9135297
AnchorBaseline:UpKey:167793.1437028
AnchorBaseline:UpKey:167793.3207884
AnchorBaseline:Actions:[3, 0, 3, 2, 0, 3, 0, 3, 0, 3, 0, 3, 3, 2, 3, 0, 0, 0, 1, 0, 1, 0, 3, 0, 3, 0, 3, 0, 1, 1, 0, 1, 0, 3, 0, 3, 2, 3, 2, 2, 3, 0, 3, 0, 1, 1, 0, 1, 0, 3, 0, 4, 1, 1, 1, 1, 1, 2, 1, 2, 0, 0, 3, 0, 3, 0, 3, 0, 4, 1, 0, 1, 1, 2, 1, 0, 1, 0, 3, 3, 0, 1, 1, 3, 3, 3, 3, 3, 3, 3, 2, 3, 3, 2, 2, 1, 1, 1, 1, 1, 0, 0, 0, 0, 0, 3, 1, 1, 0, 4, 0, 0, 3, 1, 0, 0, 4, 1, 3, 3, 3, 3, 3, 2, 3, 2, 2, 1, 0, 0, 0, 0, 0, 1, 1, 0, 1, 1, 0, 1, 0, 1, 0, 1, 0, 3, 0, 3, 0, 3, 2, 3, 3, 3, 4, 3, 2, 3, 0, 0, 3, 0, 1, 0, 1, 1, 1, 1]
AnchorBaseline:Level Completed.
AnchorBaseline:MapName: C:\Users\betha\PycharmProjects\pytti\SequentialHuman\src\human_games\maps/Anchoring_Baseline\anchoring_baseline_urban_bottom_10.csv
AnchorBaseline:Condition Begins: 167793.3650707
AnchorBaseline:LeftKey:167797.0390185
AnchorBaseline:LeftKey:167797.3439813
root:Participant Number: 1
AnchorBaseline:MapName: C:\Users\betha\PycharmProjects\pytti\SequentialHuman\src\human_games\maps/Anchoring_Baseline\anchoring_baseline_urban_top_6.csv
AnchorBaseline:Condition Begins: 168527.9764727
AnchorBaseline:UpKey:168530.6365715
AnchorBaseline:UpKey:168530.839913
AnchorBaseline:UpKey:168531.0444471
AnchorBaseline:RightKey:168531.2212488
AnchorBaseline:RightKey:168531.3745995
AnchorBaseline:RightKey:168531.575911
AnchorBaseline:UpKey:168531.8279035
AnchorBaseline:RightKey:168532.0549103
AnchorBaseline:RightKey:168532.3078347
AnchorBaseline:RightKey:168532.4596527
AnchorBaseline:DownKey:168532.5873958
AnchorBaseline:RightKey:168532.7395851
AnchorBaseline:DownKey:168532.9405108
AnchorBaseline:UpKey:168533.1991032
AnchorBaseline:UpKey:168533.3009048
AnchorBaseline:UpKey:168533.5536277
AnchorBaseline:LeftKey:168533.7050794
AnchorBaseline:UpKey:168533.8069568
AnchorBaseline:RightKey:168533.9348829
AnchorBaseline:UpKey:168534.1126189
AnchorBaseline:RightKey:168534.2128495
AnchorBaseline:UpKey:168534.3137551
AnchorBaseline:RightKey:168534.4411838
AnchorBaseline:RightKey:168534.7941112
AnchorBaseline:RightKey:168534.9981943
AnchorBaseline:RightKey:168535.1730108
AnchorBaseline:DownKey:168535.3509267
AnchorBaseline:LeftKey:168535.556052
AnchorBaseline:RightKey:168535.6574187
AnchorBaseline:DownKey:168535.8106203
AnchorBaseline:LeftKey:168535.9636331
AnchorBaseline:DownKey:168536.1672351
AnchorBaseline:LeftKey:168536.4969507
AnchorBaseline:DownKey:168536.6475309
AnchorBaseline:DownKey:168536.799602
AnchorBaseline:DownKey:168537.0027402
AnchorBaseline:RightKey:168537.2049859
AnchorBaseline:RightKey:168537.4830024
AnchorBaseline:DownKey:168537.7096002
AnchorBaseline:RightKey:168537.9138974
AnchorBaseline:RightKey:168538.0914187
AnchorBaseline:RightKey:168538.2706234
AnchorBaseline:UpKey:168538.4473601
AnchorBaseline:UpKey:168538.6484806
AnchorBaseline:RightKey:168538.8017728
AnchorBaseline:RightKey:168539.0048906
AnchorBaseline:UpKey:168539.2060118
AnchorBaseline:RightKey:168539.3839187
AnchorBaseline:UpKey:168539.535204
AnchorBaseline:RightKey:168539.6099286
AnchorBaseline:RightKey:168539.9627765
AnchorBaseline:DownKey:168540.2151052
AnchorBaseline:SpaceKey:168540.3159915
AnchorBaseline:UpKey:168540.5181489
AnchorBaseline:UpKey:168540.6959057
AnchorBaseline:UpKey:168540.8745987
AnchorBaseline:UpKey:168541.0252959
AnchorBaseline:UpKey:168541.1777375
AnchorBaseline:DownKey:168541.3804392
AnchorBaseline:RightKey:168541.5843936
AnchorBaseline:RightKey:168541.7370982
AnchorBaseline:RightKey:168541.9137516
AnchorBaseline:RightKey:168542.1891981
AnchorBaseline:DownKey:168542.3397624
AnchorBaseline:SpaceKey:168542.6186784
AnchorBaseline:DownKey:168542.7714967
AnchorBaseline:DownKey:168542.9476086
AnchorBaseline:DownKey:168543.1242822
AnchorBaseline:DownKey:168543.2769105
AnchorBaseline:DownKey:168543.4544563
AnchorBaseline:DownKey:168543.6316317
AnchorBaseline:RightKey:168543.8346111
AnchorBaseline:RightKey:168544.0372241
AnchorBaseline:RightKey:168544.1883439
AnchorBaseline:RightKey:168544.3642892
AnchorBaseline:UpKey:168544.5173704
AnchorBaseline:UpKey:168544.7201236
AnchorBaseline:UpKey:168544.9215564
AnchorBaseline:UpKey:168545.1003176
AnchorBaseline:UpKey:168545.2774389
AnchorBaseline:UpKey:168545.4542563
AnchorBaseline:UpKey:168545.6293639
AnchorBaseline:LeftKey:168545.7809072
AnchorBaseline:LeftKey:168546.0343958
AnchorBaseline:UpKey:168546.2122983
AnchorBaseline:LeftKey:168546.2375237
AnchorBaseline:RightKey:168546.5410393
AnchorBaseline:DownKey:168546.7906545
AnchorBaseline:RightKey:168547.070215
AnchorBaseline:RightKey:168547.2727392
AnchorBaseline:RightKey:168547.4236828
AnchorBaseline:RightKey:168547.6022199
AnchorBaseline:UpKey:168547.728311
AnchorBaseline:RightKey:168548.08314
AnchorBaseline:RightKey:168548.3866365
AnchorBaseline:RightKey:168548.5617802
AnchorBaseline:DownKey:168548.7643609
AnchorBaseline:DownKey:168548.96748
AnchorBaseline:DownKey:168549.2203366
AnchorBaseline:RightKey:168549.3734396
AnchorBaseline:SpaceKey:168549.5244275
AnchorBaseline:DownKey:168549.6513305
AnchorBaseline:DownKey:168550.033409
AnchorBaseline:DownKey:168550.1850233
AnchorBaseline:LeftKey:168550.3360105
AnchorBaseline:LeftKey:168550.5626042
AnchorBaseline:DownKey:168550.7150212
AnchorBaseline:LeftKey:168550.8159959
AnchorBaseline:LeftKey:168551.0451805
AnchorBaseline:LeftKey:168551.2703478
AnchorBaseline:RightKey:168551.3964117
AnchorBaseline:DownKey:168551.4719522
AnchorBaseline:RightKey:168551.6230436
AnchorBaseline:RightKey:168551.8999557
AnchorBaseline:RightKey:168552.0507774
AnchorBaseline:RightKey:168552.204915
AnchorBaseline:UpKey:168552.4066612
AnchorBaseline:UpKey:168552.6089241
AnchorBaseline:RightKey:168552.7618967
AnchorBaseline:RightKey:168552.9633865
AnchorBaseline:RightKey:168553.1139676
AnchorBaseline:RightKey:168553.2898686
AnchorBaseline:RightKey:168553.4400266
AnchorBaseline:DownKey:168553.6182511
AnchorBaseline:RightKey:168553.8198745
AnchorBaseline:RightKey:168554.0473984
AnchorBaseline:RightKey:168554.3025771
AnchorBaseline:RightKey:168554.5554322
AnchorBaseline:UpKey:168554.7312745
AnchorBaseline:RightKey:168555.0614066
AnchorBaseline:UpKey:168555.2132707
AnchorBaseline:LeftKey:168555.3627669
AnchorBaseline:SpaceKey:168555.5162681
AnchorBaseline:LeftKey:168555.6664388
AnchorBaseline:UpKey:168555.8184893
AnchorBaseline:UpKey:168556.0206602
AnchorBaseline:RightKey:168556.197323
AnchorBaseline:LeftKey:168556.4996515
AnchorBaseline:UpKey:168556.5508885
AnchorBaseline:LeftKey:168556.8043999
AnchorBaseline:SpaceKey:168557.0585978
AnchorBaseline:UpKey:168557.1600594
AnchorBaseline:UpKey:168557.3853401
AnchorBaseline:UpKey:168557.5619253
AnchorBaseline:RightKey:168557.6387633
AnchorBaseline:RightKey:168557.8912138
AnchorBaseline:RightKey:168558.0676872
AnchorBaseline:LeftKey:168558.4484676
AnchorBaseline:LeftKey:168558.628262
AnchorBaseline:LeftKey:168558.8048129
AnchorBaseline:RightKey:168559.0600274
AnchorBaseline:RightKey:168559.2908296
AnchorBaseline:RightKey:168559.4435923
AnchorBaseline:RightKey:168559.6220184
AnchorBaseline:DownKey:168559.8016386
AnchorBaseline:DownKey:168559.9813415
AnchorBaseline:DownKey:168560.1339937
AnchorBaseline:DownKey:168560.313799
AnchorBaseline:Actions:[1, 1, 1, 0, 0, 0, 1, 0, 0, 0, 3, 0, 3, 1, 1, 1, 2, 1, 0, 1, 0, 1, 0, 0, 0, 0, 3, 2, 0, 3, 2, 3, 2, 3, 3, 3, 0, 0, 3, 0, 0, 0, 1, 1, 0, 0, 1, 0, 1, 0, 0, 3, 4, 1, 1, 1, 1, 1, 3, 0, 0, 0, 0, 3, 4, 3, 3, 3, 3, 3, 3, 0, 0, 0, 0, 1, 1, 1, 1, 1, 1, 1, 2, 2, 1, 2, 0, 3, 0, 0, 0, 0, 1, 0, 0, 0, 3, 3, 3, 0, 4, 3, 3, 3, 2, 2, 3, 2, 2, 2, 0, 3, 0, 0, 0, 0, 1, 1, 0, 0, 0, 0, 0, 3, 0, 0, 0, 0, 1, 0, 1, 2, 4, 2, 1, 1, 0, 2, 1, 2, 4, 1, 1, 1, 0, 0, 0, 2, 2, 2, 0, 0, 0, 0, 3, 3, 3, 3]
AnchorBaseline:Level Completed.
AnchorBaseline:MapName: C:\Users\betha\PycharmProjects\pytti\SequentialHuman\src\human_games\maps/Anchoring_Baseline\anchoring_baseline_urban_bottom_10.csv
AnchorBaseline:Condition Begins: 168560.33728
AnchorBaseline:DownKey:168562.3563033
AnchorBaseline:DownKey:168562.5845322
AnchorBaseline:DownKey:168562.7881293
